<?xml version="1.0" encoding="UTF-8"?>
<testsuite name="AmazonTests" tests="1" skipped="0" failures="0" errors="0" timestamp="2021-04-15T22:44:43" hostname="DESKTOP-3SGU3FM" time="14.276">
  <properties/>
  <testcase name="amazonRangeTest150To200" classname="AmazonTests" time="14.276"/>
  <system-out><![CDATA[]]></system-out>
  <system-err><![CDATA[]]></system-err>
</testsuite>
